2018-12-13 14:46:28.325  INFO 8904 --- [main] com.learn.spdemo.SpdemoApplication       : Starting SpdemoApplication on LONEANDPEACE with PID 8904 (C:\company\idea\spdemo\target\classes started by lonea in C:\company\idea\spdemo)
2018-12-13 14:46:28.329  INFO 8904 --- [main] com.learn.spdemo.SpdemoApplication       : No active profile set, falling back to default profiles: default
2018-12-13 14:46:29.092  INFO 8904 --- [main] .s.d.r.c.RepositoryConfigurationDelegate : Bootstrapping Spring Data repositories in DEFAULT mode.
2018-12-13 14:46:29.170  INFO 8904 --- [main] .s.d.r.c.RepositoryConfigurationDelegate : Finished Spring Data repository scanning in 69ms. Found 1 repository interfaces.
2018-12-13 14:46:29.515  INFO 8904 --- [main] trationDelegate$BeanPostProcessorChecker : Bean 'org.springframework.ws.config.annotation.DelegatingWsConfiguration' of type [org.springframework.ws.config.annotation.DelegatingWsConfiguration$$EnhancerBySpringCGLIB$$eabf7509] is not eligible for getting processed by all BeanPostProcessors (for example: not eligible for auto-proxying)
2018-12-13 14:46:29.550  INFO 8904 --- [main] .w.s.a.s.AnnotationActionEndpointMapping : Supporting [WS-Addressing August 2004, WS-Addressing 1.0]
2018-12-13 14:46:29.644  INFO 8904 --- [main] trationDelegate$BeanPostProcessorChecker : Bean 'org.springframework.transaction.annotation.ProxyTransactionManagementConfiguration' of type [org.springframework.transaction.annotation.ProxyTransactionManagementConfiguration$$EnhancerBySpringCGLIB$$4627b00a] is not eligible for getting processed by all BeanPostProcessors (for example: not eligible for auto-proxying)
2018-12-13 14:46:30.237  INFO 8904 --- [main] o.s.b.w.embedded.tomcat.TomcatWebServer  : Tomcat initialized with port(s): 8080 (http)
2018-12-13 14:46:30.258  INFO 8904 --- [main] o.apache.catalina.core.StandardService   : Starting service [Tomcat]
2018-12-13 14:46:30.259  INFO 8904 --- [main] org.apache.catalina.core.StandardEngine  : Starting Servlet Engine: Apache Tomcat/9.0.13
2018-12-13 14:46:30.265  INFO 8904 --- [main] o.a.catalina.core.AprLifecycleListener   : The APR based Apache Tomcat Native library which allows optimal performance in production environments was not found on the java.library.path: [C:\Program Files\Java\jdk1.8.0_171\bin;C:\WINDOWS\Sun\Java\bin;C:\WINDOWS\system32;C:\WINDOWS;C:\app\lonea\product\11.2.0\client_1;C:\Program Files (x86)\Common Files\Oracle\Java\javapath;C:\Program Files (x86)\Intel\iCLS Client\;C:\Program Files\Intel\iCLS Client\;C:\WINDOWS\system32;C:\WINDOWS;C:\WINDOWS\System32\Wbem;C:\WINDOWS\System32\WindowsPowerShell\v1.0\;C:\Program Files (x86)\Intel\Intel(R) Management Engine Components\DAL;C:\Program Files\Intel\Intel(R) Management Engine Components\DAL;C:\Program Files (x86)\Intel\Intel(R) Management Engine Components\IPT;C:\Program Files\Intel\Intel(R) Management Engine Components\IPT;C:\Program Files\Java\jdk1.8.0_171\bin;C:\Program Files\Java\jdk1.8.0_171\jre\bin;C:\Software\TortoiseSVN\bin;C:\WINDOWS\System32\OpenSSH\;C:\Program Files\Intel\WiFi\bin\;C:\Program Files\Common Files\Intel\WirelessCommon\;C:\Program Files (x86)\Windows Kits\8.1\Windows Performance Toolkit\;C:\Program Files\Microsoft SQL Server\110\Tools\Binn\;C:\Users\lonea\AppData\Local\Microsoft\WindowsApps;C:\Users\lonea\AppData\Local\Microsoft\WindowsApps;C:\Software\Fidder\Fiddler;C:\Software\maven\apache-maven-3.5.3\bin;C:\Software\PostgreSQL\bin;;.]
2018-12-13 14:46:30.401  INFO 8904 --- [main] o.a.c.c.C.[Tomcat].[localhost].[/]       : Initializing Spring embedded WebApplicationContext
2018-12-13 14:46:30.401  INFO 8904 --- [main] o.s.web.context.ContextLoader            : Root WebApplicationContext: initialization completed in 2016 ms
2018-12-13 14:46:30.622  INFO 8904 --- [main] com.zaxxer.hikari.HikariDataSource       : HikariPool-1 - Starting...
2018-12-13 14:46:30.810  INFO 8904 --- [main] com.zaxxer.hikari.HikariDataSource       : HikariPool-1 - Start completed.
2018-12-13 14:46:32.142  INFO 8904 --- [main] j.LocalContainerEntityManagerFactoryBean : Initialized JPA EntityManagerFactory for persistence unit 'default'
2018-12-13 14:46:32.748  INFO 8904 --- [main] o.s.s.concurrent.ThreadPoolTaskExecutor  : Initializing ExecutorService 'applicationTaskExecutor'
2018-12-13 14:46:32.788  WARN 8904 --- [main] aWebConfiguration$JpaWebMvcConfiguration : spring.jpa.open-in-view is enabled by default. Therefore, database queries may be performed during view rendering. Explicitly configure spring.jpa.open-in-view to disable this warning
2018-12-13 14:46:33.048  INFO 8904 --- [main] o.s.b.w.embedded.tomcat.TomcatWebServer  : Tomcat started on port(s): 8080 (http) with context path ''
2018-12-13 14:46:33.051  INFO 8904 --- [main] com.learn.spdemo.SpdemoApplication       : Started SpdemoApplication in 5.425 seconds (JVM running for 6.359)
2018-12-13 14:46:36.221  INFO 8904 --- [http-nio-8080-exec-1] o.a.c.c.C.[Tomcat].[localhost].[/]       : Initializing Spring DispatcherServlet 'dispatcherServlet'
2018-12-13 14:46:36.223  INFO 8904 --- [http-nio-8080-exec-1] o.s.web.servlet.DispatcherServlet        : Initializing Servlet 'dispatcherServlet'
2018-12-13 14:46:36.233  INFO 8904 --- [http-nio-8080-exec-1] o.s.web.servlet.DispatcherServlet        : Completed initialization in 10 ms
2018-12-13 14:47:17.381  INFO 11584 --- [main] com.learn.spdemo.SpdemoApplication       : Starting SpdemoApplication on LONEANDPEACE with PID 11584 (C:\company\idea\spdemo\target\classes started by lonea in C:\company\idea\spdemo)
2018-12-13 14:47:17.386  INFO 11584 --- [main] com.learn.spdemo.SpdemoApplication       : No active profile set, falling back to default profiles: default
2018-12-13 14:47:18.083  INFO 11584 --- [main] .s.d.r.c.RepositoryConfigurationDelegate : Bootstrapping Spring Data repositories in DEFAULT mode.
2018-12-13 14:47:18.154  INFO 11584 --- [main] .s.d.r.c.RepositoryConfigurationDelegate : Finished Spring Data repository scanning in 63ms. Found 1 repository interfaces.
2018-12-13 14:47:18.457  INFO 11584 --- [main] trationDelegate$BeanPostProcessorChecker : Bean 'org.springframework.ws.config.annotation.DelegatingWsConfiguration' of type [org.springframework.ws.config.annotation.DelegatingWsConfiguration$$EnhancerBySpringCGLIB$$f057a27f] is not eligible for getting processed by all BeanPostProcessors (for example: not eligible for auto-proxying)
2018-12-13 14:47:18.486  INFO 11584 --- [main] .w.s.a.s.AnnotationActionEndpointMapping : Supporting [WS-Addressing August 2004, WS-Addressing 1.0]
2018-12-13 14:47:18.529  INFO 11584 --- [main] trationDelegate$BeanPostProcessorChecker : Bean 'org.springframework.transaction.annotation.ProxyTransactionManagementConfiguration' of type [org.springframework.transaction.annotation.ProxyTransactionManagementConfiguration$$EnhancerBySpringCGLIB$$4bbfdd80] is not eligible for getting processed by all BeanPostProcessors (for example: not eligible for auto-proxying)
2018-12-13 14:47:18.895  INFO 11584 --- [main] o.s.b.w.embedded.tomcat.TomcatWebServer  : Tomcat initialized with port(s): 8080 (http)
2018-12-13 14:47:18.915  INFO 11584 --- [main] o.apache.catalina.core.StandardService   : Starting service [Tomcat]
2018-12-13 14:47:18.916  INFO 11584 --- [main] org.apache.catalina.core.StandardEngine  : Starting Servlet Engine: Apache Tomcat/9.0.13
2018-12-13 14:47:18.923  INFO 11584 --- [main] o.a.catalina.core.AprLifecycleListener   : The APR based Apache Tomcat Native library which allows optimal performance in production environments was not found on the java.library.path: [C:\Program Files\Java\jdk1.8.0_171\bin;C:\WINDOWS\Sun\Java\bin;C:\WINDOWS\system32;C:\WINDOWS;C:\app\lonea\product\11.2.0\client_1;C:\Program Files (x86)\Common Files\Oracle\Java\javapath;C:\Program Files (x86)\Intel\iCLS Client\;C:\Program Files\Intel\iCLS Client\;C:\WINDOWS\system32;C:\WINDOWS;C:\WINDOWS\System32\Wbem;C:\WINDOWS\System32\WindowsPowerShell\v1.0\;C:\Program Files (x86)\Intel\Intel(R) Management Engine Components\DAL;C:\Program Files\Intel\Intel(R) Management Engine Components\DAL;C:\Program Files (x86)\Intel\Intel(R) Management Engine Components\IPT;C:\Program Files\Intel\Intel(R) Management Engine Components\IPT;C:\Program Files\Java\jdk1.8.0_171\bin;C:\Program Files\Java\jdk1.8.0_171\jre\bin;C:\Software\TortoiseSVN\bin;C:\WINDOWS\System32\OpenSSH\;C:\Program Files\Intel\WiFi\bin\;C:\Program Files\Common Files\Intel\WirelessCommon\;C:\Program Files (x86)\Windows Kits\8.1\Windows Performance Toolkit\;C:\Program Files\Microsoft SQL Server\110\Tools\Binn\;C:\Users\lonea\AppData\Local\Microsoft\WindowsApps;C:\Users\lonea\AppData\Local\Microsoft\WindowsApps;C:\Software\Fidder\Fiddler;C:\Software\maven\apache-maven-3.5.3\bin;C:\Software\PostgreSQL\bin;;.]
2018-12-13 14:47:19.057  INFO 11584 --- [main] o.a.c.c.C.[Tomcat].[localhost].[/]       : Initializing Spring embedded WebApplicationContext
2018-12-13 14:47:19.058  INFO 11584 --- [main] o.s.web.context.ContextLoader            : Root WebApplicationContext: initialization completed in 1604 ms
2018-12-13 14:47:19.286  INFO 11584 --- [main] com.zaxxer.hikari.HikariDataSource       : HikariPool-1 - Starting...
2018-12-13 14:47:19.444  INFO 11584 --- [main] com.zaxxer.hikari.HikariDataSource       : HikariPool-1 - Start completed.
2018-12-13 14:47:20.546  INFO 11584 --- [main] j.LocalContainerEntityManagerFactoryBean : Initialized JPA EntityManagerFactory for persistence unit 'default'
2018-12-13 14:47:21.001  INFO 11584 --- [main] o.s.s.concurrent.ThreadPoolTaskExecutor  : Initializing ExecutorService 'applicationTaskExecutor'
2018-12-13 14:47:21.050  WARN 11584 --- [main] aWebConfiguration$JpaWebMvcConfiguration : spring.jpa.open-in-view is enabled by default. Therefore, database queries may be performed during view rendering. Explicitly configure spring.jpa.open-in-view to disable this warning
2018-12-13 14:47:21.302  INFO 11584 --- [main] o.s.b.w.embedded.tomcat.TomcatWebServer  : Tomcat started on port(s): 8080 (http) with context path ''
2018-12-13 14:47:21.305  INFO 11584 --- [main] com.learn.spdemo.SpdemoApplication       : Started SpdemoApplication in 4.532 seconds (JVM running for 5.487)
2018-12-13 14:47:28.051  INFO 11584 --- [http-nio-8080-exec-4] o.a.c.c.C.[Tomcat].[localhost].[/]       : Initializing Spring DispatcherServlet 'dispatcherServlet'
2018-12-13 14:47:28.053  INFO 11584 --- [http-nio-8080-exec-4] o.s.web.servlet.DispatcherServlet        : Initializing Servlet 'dispatcherServlet'
2018-12-13 14:47:28.062  INFO 11584 --- [http-nio-8080-exec-4] o.s.web.servlet.DispatcherServlet        : Completed initialization in 9 ms
